<?xml version="1.0" encoding="UTF-8"?>
<!-- Generated by org.testng.reporters.JUnitReportReporter -->
<testsuite hostname="LAPTOP-I99GH7AG" failures="0" tests="1" name="RunDressTest" time="0.104" errors="0" timestamp="2024-11-21T11:45:57 CET" skipped="0">
  <testcase classname="RunDressTest" name="runScenario" time="0.104"/>
</testsuite> <!-- RunDressTest -->
